

HI-TECH Software 8051 Macro Assembler V9.60                                Page 1
                                                       Sat Mar 14 12:07:02 2026

     1                           	psect	idata,class=DATA,space=1,limit=080h
     2                           	psect	irdata,class=DATA,limit=080h
     3                           	global	_main
     4                           	signat	_main,88
     5                           	global	stack_internal
     6                           	psect	text,class=CODE
     7                           	psect	text
     8                           	file	"D:\programs\save_ms\pr2\project1\main.c"
     9                           	line	3
    10  00003                     _main:
    11  00003  80 76              	j	f1411
    12  00005                     f1410:
    13                           ;main.c: 2: void main()
    14                           
    15                           ;main.c: 3: {
    16                           
    17                           ;	var   _i assigned to ?a_main+0
    18                           ;	var   _j assigned to ?a_main+1
    19                           	psect	data,class=CODE
    20                           	psect	data
    21  00100                     F158:
    22  00100  C0                 	db	(192)
    23  00101  F9                 	db	(249)
    24  00102  A4                 	db	(164)
    25  00103  B0                 	db	(176)
    26  00104  99                 	db	(153)
    27  00105  92                 	db	(146)
    28  00106  82                 	db	(130)
    29  00107  F8                 	db	(248)
    30  00108  80                 	db	(128)
    31  00109  90                 	db	(144)
    32  0010A  FF                 	db	(255)
    33                           ;	var   _massiv assigned to ?a_main+2
    34                           ;main.c: 4: unsigned char i,j;
    35                           
    36                           ;main.c: 6: unsigned char massiv [11]=
    37                           
    38                           ;main.c: 7: {
    39                           
    40                           ;main.c: 8: 0xC0,
    41                           
    42                           ;main.c: 9: 0xF9,
    43                           
    44                           ;main.c: 10: 0xA4,
    45                           
    46                           ;main.c: 11: 0xB0,
    47                           
    48                           ;main.c: 12: 0x99,
    49                           
    50                           ;main.c: 13: 0x92,
    51                           
    52                           ;main.c: 14: 0x82,
    53                           
    54                           ;main.c: 15: 0xF8,
    55                           
    56                           ;main.c: 16: 0x80,
    57                           
    58                           ;main.c: 17: 0x90,
    59                           
    60                           ;main.c: 18: 0xFF
    61                           
    62                           ;main.c: 19: };
    63                           
    64                           	psect	text
    65                           	line	19
    66  00005  78 01              	mov	r0,#high (F158)
    67  00007  79 00              	mov	r1,#low (F158)
    68  00009  7A 00              	mov	r2,#high (?a_main+2)
    69  0000B  7B 22              	mov	r3,#low (?a_main+2)
    70  0000D  7D 0B              	mov	r5,#low 11
    71  0000F  7C 00              	mov	r4,#high 11
    72                           	global	str_copy
    73  00011  12 0093            	lcall	str_copy
    74                           	psect	data
    75  0010B                     F162:
    76  0010B  05                 	db	(5)
    77  0010C  04                 	db	(4)
    78  0010D  06                 	db	(6)
    79  0010E  03                 	db	(3)
    80  0010F  07                 	db	(7)
    81  00110  02                 	db	(2)
    82  00111  08                 	db	(8)
    83  00112  01                 	db	(1)
    84                           ;	var   _out assigned to ?a_main+13
    85                           ;main.c: 21: unsigned char out [8] = {5, 4, 6, 3
                                 , 7, 2, 8, 1};
    86                           
    87                           	psect	text
    88                           	line	21
    89  00014  78 01              	mov	r0,#high (F162)
    90  00016  79 0B              	mov	r1,#low (F162)
    91  00018  7A 00              	mov	r2,#high (?a_main+13)
    92  0001A  7B 2D              	mov	r3,#low (?a_main+13)
    93  0001C  7D 08              	mov	r5,#low 8
    94  0001E  7C 00              	mov	r4,#high 8
    95                           	global	str_copy
    96  00020  12 0093            	lcall	str_copy
    97                           ;main.c: 23: P2=massiv [10];
    98                           
    99                           	line	23
   100  00023  79 2C              	mov	r1,#?a_main+2+0Ah
   101  00025  87 A0              	mov	0A0h,@r1
   102                           ;main.c: 25: while(1)
   103                           
   104                           	line	25
   105  00027                     l6:
   106                           ;main.c: 26: {
   107                           
   108                           ;main.c: 27: if((P3 & 0x01)==0)
   109                           
   110                           	line	27
   111  00027  E5 B0              	mov	a,0B0h
   112  00029  20 E0 4C           	bb	acc.0, l8
   113                           ;main.c: 28: {
   114                           
   115                           ;main.c: 29: for(i=0;i<8;i++)
   116                           
   117                           	line	29
   118  0002C  75 20  00          	mov	?a_main+0,#0
   119  0002F  E5 20              	mov	a,?a_main+0
   120  00031  24 F8              	add	a,#-08h
   121  00033  50 02              	bnc	u11
   122  00035  80 02              	jmp	u10
   123  00037                     u11:
   124  00037  80 02              	jmp	l9
   125  00039                     u10:
   126  00039  80 39              	jmp	l10
   127                           	line	30
   128  0003B                     l9:
   129                           ;main.c: 30: {
   130                           
   131                           ;main.c: 31: P2=massiv[out[i]];
   132                           
   133                           	line	31
   134  0003B  74 2D              	mov	a,#?a_main+13
   135  0003D  A9 20              	mov	r1,?a_main+0
   136  0003F  78 00              	mov	r0,#0
   137  00041  29                 	add	a,r1
   138  00042  F9                 	mov	r1,a
   139  00043  E7                 	mov	a,@r1
   140  00044  F9                 	mov	r1,a
   141  00045  78 00              	mov	r0,#0
   142  00047  74 22              	mov	a,#?a_main+2
   143  00049  29                 	add	a,r1
   144  0004A  F9                 	mov	r1,a
   145  0004B  87 A0              	mov	0A0h,@r1
   146                           ;main.c: 32: for(j=0;j<100;j++);
   147                           
   148                           	line	32
   149  0004D  75 21  00          	mov	?a_main+1,#0
   150  00050  E5 21              	mov	a,?a_main+1
   151  00052  24 9C              	add	a,#-064h
   152  00054  50 02              	bnc	u21
   153  00056  80 02              	jmp	u20
   154  00058                     u21:
   155  00058  80 02              	jmp	l12
   156  0005A                     u20:
   157  0005A  80 0C              	jmp	l13
   158  0005C                     l12:
   159  0005C  05 21              	inc	?a_main+1
   160  0005E  E5 21              	mov	a,?a_main+1
   161  00060  24 9C              	add	a,#-064h
   162  00062  50 02              	bnc	u31
   163  00064  80 02              	jmp	u30
   164  00066                     u31:
   165  00066  80 F4              	jmp	l12
   166  00068                     u30:
   167  00068                     l13:
   168                           	line	29
   169  00068  05 20              	inc	?a_main+0
   170  0006A  E5 20              	mov	a,?a_main+0
   171  0006C  24 F8              	add	a,#-08h
   172  0006E  50 02              	bnc	u41
   173  00070  80 02              	jmp	u40
   174  00072                     u41:
   175  00072  80 C7              	jmp	l9
   176  00074                     u40:
   177  00074                     l10:
   178                           ;main.c: 34: }
   179                           
   180                           ;main.c: 37: P2=massiv[10];
   181                           
   182                           	line	37
   183  00074  79 2C              	mov	r1,#?a_main+2+0Ah
   184  00076  87 A0              	mov	0A0h,@r1
   185                           	line	38
   186  00078                     l8:
   187                           	line	39
   188  00078                     l5:
   189                           	line	25
   190  00078  80 AD              	jmp	l6
   191  0007A                     l7:
   192                           ;main.c: 38: }
   193                           
   194                           ;main.c: 39: }
   195                           
   196                           ;main.c: 40: }
   197                           
   198                           	line	40
   199  0007A                     l4:
   200  0007A  22                 	ret
   201  0007B                     f1411:
   202  0007B  80 88              	j	f1410
   203                           	FNSIZE	_main,21,0
   204                           	global	?a_main
   205  0000                     f1412	equ	0
   206  0000                     _A10	equ	162
   207  0000                     _A11	equ	163
   208  0000                     _A12	equ	164
   209  0000                     _A13	equ	165
   210  0000                     _A14	equ	166
   211  0000                     _A15	equ	167
   212  0000                     _A8	equ	160
   213  0000                     _A9	equ	161
   214  0000                     _AC	equ	214
   215  0000                     _ACC0	equ	224
   216  0000                     _ACC1	equ	225
   217  0000                     _ACC2	equ	226
   218  0000                     _ACC3	equ	227
   219  0000                     _ACC4	equ	228
   220  0000                     _ACC5	equ	229
   221  0000                     _ACC6	equ	230
   222  0000                     _ACC7	equ	231
   223  0000                     _AD0	equ	128
   224  0000                     _AD1	equ	129
   225  0000                     _AD2	equ	130
   226  0000                     _AD3	equ	131
   227  0000                     _AD4	equ	132
   228  0000                     _AD5	equ	133
   229  0000                     _AD6	equ	134
   230  0000                     _AD7	equ	135
   231  0000                     _B0	equ	240
   232  0000                     _B1	equ	241
   233  0000                     _B2	equ	242
   234  0000                     _B3	equ	243
   235  0000                     _B4	equ	244
   236  0000                     _B5	equ	245
   237  0000                     _B6	equ	246
   238  0000                     _B7	equ	247
   239  0000                     _CY	equ	215
   240  0000                     _EA	equ	175
   241  0000                     _ES	equ	172
   242  0000                     _ET0	equ	169
   243  0000                     _ET1	equ	171
   244  0000                     _EX0	equ	168
   245  0000                     _EX1	equ	170
   246  0000                     _F0	equ	213
   247  0000                     _IE0	equ	137
   248  0000                     _IE1	equ	139
   249  0000                     _INT0	equ	178
   250  0000                     _INT1	equ	179
   251  0000                     _IT0	equ	136
   252  0000                     _IT1	equ	138
   253  0000                     _OV	equ	210
   254  0000                     _P	equ	208
   255  0000                     _P00	equ	128
   256  0000                     _P01	equ	129
   257  0000                     _P02	equ	130
   258  0000                     _P03	equ	131
   259  0000                     _P04	equ	132
   260  0000                     _P05	equ	133
   261  0000                     _P06	equ	134
   262  0000                     _P07	equ	135
   263  0000                     _P10	equ	144
   264  0000                     _P11	equ	145
   265  0000                     _P12	equ	146
   266  0000                     _P13	equ	147
   267  0000                     _P14	equ	148
   268  0000                     _P15	equ	149
   269  0000                     _P16	equ	150
   270  0000                     _P17	equ	151
   271  0000                     _P20	equ	160
   272  0000                     _P21	equ	161
   273  0000                     _P22	equ	162
   274  0000                     _P23	equ	163
   275  0000                     _P24	equ	164
   276  0000                     _P25	equ	165
   277  0000                     _P26	equ	166
   278  0000                     _P27	equ	167
   279  0000                     _P30	equ	176
   280  0000                     _P31	equ	177
   281  0000                     _P32	equ	178
   282  0000                     _P33	equ	179
   283  0000                     _P34	equ	180
   284  0000                     _P35	equ	181
   285  0000                     _P36	equ	182
   286  0000                     _P37	equ	183
   287  0000                     _PS	equ	188
   288  0000                     _PT0	equ	185
   289  0000                     _PT1	equ	187
   290  0000                     _PX0	equ	184
   291  0000                     _PX1	equ	186
   292  0000                     _RB8	equ	154
   293  0000                     _RD	equ	183
   294  0000                     _REN	equ	156
   295  0000                     _RI	equ	152
   296  0000                     _RS0	equ	211
   297  0000                     _RS1	equ	212
   298  0000                     _RXD	equ	176
   299  0000                     _SM0	equ	159
   300  0000                     _SM1	equ	158
   301  0000                     _SM2	equ	157
   302  0000                     _T0	equ	180
   303  0000                     _T1	equ	181
   304  0000                     _TB8	equ	155
   305  0000                     _TF0	equ	141
   306  0000                     _TF1	equ	143
   307  0000                     _TI	equ	153
   308  0000                     _TR0	equ	140
   309  0000                     _TR1	equ	142
   310  0000                     _TXD	equ	177
   311  0000                     _WR	equ	182
   312  0000                     _ACC	equ	224
   313  0000                     _B	equ	240
   314  0000                     _DPH	equ	131
   315  0000                     _DPL	equ	130
   316  0000                     _IE	equ	168
   317  0000                     _IP	equ	184
   318  0000                     _P0	equ	128
   319  0000                     _P1	equ	144
   320  0000                     _P2	equ	160
   321  0000                     _P3	equ	176
   322  0000                     _PCON	equ	135
   323  0000                     _PSW	equ	208
   324  0000                     _SBUF	equ	153
   325  0000                     _SCON	equ	152
   326  0000                     _SP	equ	129
   327  0000                     _TCON	equ	136
   328  0000                     _TH0	equ	140
   329  0000                     _TH1	equ	141
   330  0000                     _TL0	equ	138
   331  0000                     _TL1	equ	139
   332  0000                     _TMOD	equ	137
   333  0000                     _ACC_BITS	equ	224
   334  0000                     _B_BITS	equ	240
   335  0000                     _IE_BITS	equ	168
   336  0000                     _IP_BITS	equ	184
   337  0000                     _P0_BITS	equ	128
   338  0000                     _P1_BITS	equ	144
   339  0000                     _P2_BITS	equ	160
   340  0000                     _P3_BITS	equ	176
   341  0000                     _PCON_BITS	equ	135
   342  0000                     _PSW_BITS	equ	208
   343  0000                     _SCON_BITS	equ	152
   344  0000                     _TCON_BITS	equ	136
   345  0000                     _TMOD_BITS	equ	137


HI-TECH Software 8051 Macro Assembler V9.60                                Page 2
Symbol Table                                           Sat Mar 14 12:07:02 2026

       ?a_main 00020              _B 000F0              l4 0007A  
            l5 00078              _P 000D0              l6 00027  
            l7 0007A              l8 00078              l9 0003B  
           _B0 000F0             _B1 000F1             _B2 000F2  
           _B3 000F3             _B4 000F4             _B5 000F5  
           _B6 000F6             _A8 000A0             _B7 000F7  
           _A9 000A1             _F0 000D5             _AC 000D6  
           l10 00074             l12 0005C             l13 00068  
           _EA 000AF             _P0 00080             _P1 00090  
           _P2 000A0             _P3 000B0             _IE 000A8  
           _T0 000B4             _T1 000B5             _ES 000AC  
           _CY 000D7             _IP 000B8             _RD 000B7  
           u10 00039             u11 00037             u20 0005A  
           _RI 00098             u21 00058             u30 00068  
           u31 00066             u40 00074             _TI 00099  
           u41 00072             _PS 000BC             _OV 000D2  
           _SP 00081             _WR 000B6         _B_BITS 000F0  
          F162 0010B            F158 00100            _A10 000A2  
          _A11 000A3            _A12 000A4            _A13 000A5  
          _A14 000A6            _A15 000A7            _AD0 00080  
          _AD1 00081            _AD2 00082            _AD3 00083  
          _AD4 00084            _AD5 00085            _AD6 00086  
          _AD7 00087            _ACC 000E0            _P00 00080  
          _P01 00081            _P10 00090            _P02 00082  
          _P11 00091            _P03 00083            _P20 000A0  
          _P12 00092            _P04 00084            _P21 000A1  
          _P13 00093            _P05 00085            _P30 000B0  
          _P22 000A2            _P14 00094            _P06 00086  
          _P31 000B1            _P23 000A3            _P15 00095  
          _P07 00087            _P32 000B2            _P24 000A4  
          _P16 00096            _P33 000B3            _P25 000A5  
          _P17 00097            _P34 000B4            _P26 000A6  
          _P35 000B5            _P27 000A7            _P36 000B6  
          _P37 000B7            _IE0 00089            _IE1 0008B  
          _ET0 000A9            _ET1 000AB            _EX0 000A8  
          _EX1 000AA            _DPH 00083            _DPL 00082  
          _IT0 00088            _IT1 0008A            _RB8 0009A  
          _TF0 0008D            _TB8 0009B            _TF1 0008F  
          _TH0 0008C            _TH1 0008D            _SM0 0009F  
          _SM1 0009E            _TL0 0008A            _SM2 0009D  
          _PT0 000B9            _TL1 0008B            _PT1 000BB  
          _RS0 000D3            _RS1 000D4            _REN 0009C  
          _PX0 000B8            _PX1 000BA            _TR0 0008C  
          _TR1 0008E            _RXD 000B0            _PSW 000D0  
          _TXD 000B1        _P0_BITS 00080        _P1_BITS 00090  
      _P2_BITS 000A0        _P3_BITS 000B0        _IE_BITS 000A8  
     _ACC_BITS 000E0        _IP_BITS 000B8           f1410 00005  
         f1411 0007B           f1412 00000           _ACC0 000E0  
         _ACC1 000E1           _ACC2 000E2           _ACC3 000E3  
         _ACC4 000E4           _ACC5 000E5           _ACC6 000E6  
         _ACC7 000E7  stack_internal 00001           _INT0 000B2  
         _INT1 000B3           _PCON 00087           _SCON 00098  
         _SBUF 00099           _TCON 00088           _TMOD 00089  
         _main 00003       _PSW_BITS 000D0      _PCON_BITS 00087  
    _SCON_BITS 00098      _TCON_BITS 00088        str_copy 00093  
    _TMOD_BITS 00089  
